[debug] [2021-03-04T15:00:14.263Z] ----------------------------------------------------------------------
[debug] [2021-03-04T15:00:14.265Z] Command:       C:\Program Files\nodejs\node.exe C:\Users\a2239398\AppData\Roaming\npm\node_modules\firebase-tools\lib\bin\firebase.js init
[debug] [2021-03-04T15:00:14.266Z] CLI Version:   9.5.0
[debug] [2021-03-04T15:00:14.266Z] Platform:      win32
[debug] [2021-03-04T15:00:14.266Z] Node Version:  v14.15.5
[debug] [2021-03-04T15:00:14.267Z] Time:          Thu Mar 04 2021 16:00:14 GMT+0100 (heure normale d’Europe centrale)
[debug] [2021-03-04T15:00:14.267Z] ----------------------------------------------------------------------
[debug] [2021-03-04T15:00:14.267Z] 
[debug] [2021-03-04T15:00:14.272Z] >>> [apiv2][query] GET https://firebase-public.firebaseio.com/cli.json [none]
[debug] [2021-03-04T15:00:14.292Z] > command requires scopes: ["email","openid","https://www.googleapis.com/auth/cloudplatformprojects.readonly","https://www.googleapis.com/auth/firebase","https://www.googleapis.com/auth/cloud-platform"]
[debug] [2021-03-04T15:00:14.293Z] > authorizing via signed-in user
[info] 
     ######## #### ########  ######## ########     ###     ######  ########
     ##        ##  ##     ## ##       ##     ##  ##   ##  ##       ##
     ######    ##  ########  ######   ########  #########  ######  ######
     ##        ##  ##    ##  ##       ##     ## ##     ##       ## ##
     ##       #### ##     ## ######## ########  ##     ##  ######  ########

You're about to initialize a Firebase project in this directory:

  C:\Users\a2239398\Documents\chat_firebase

[debug] [2021-03-04T15:00:14.838Z] <<< [apiv2][status] GET https://firebase-public.firebaseio.com/cli.json 200
[debug] [2021-03-04T15:00:14.839Z] <<< [apiv2][body] GET https://firebase-public.firebaseio.com/cli.json {"cloudBuildErrorAfter":1594252800000,"cloudBuildWarnAfter":1590019200000,"defaultNode10After":1594252800000,"minVersion":"3.0.5","node8DeploysDisabledAfter":1613390400000,"node8RuntimeDisabledAfter":1615809600000,"node8WarnAfter":1600128000000}
